This is pdfTeX, Version 3.14159265-2.6-1.40.17 (TeX Live 2016) (preloaded format=pdflatex 2016.8.3)  1 DEC 2016 13:10
entering extended mode
 restricted \write18 enabled.
 file:line:error style messages enabled.
 %&-line parsing enabled.
**m4a-physikpraktikum_stroemung.ltx
(./m4a-physikpraktikum_stroemung.ltx
LaTeX2e <2016/03/31>
Babel <3.9r> and hyphenation patterns for 83 language(s) loaded.
(/usr/local/texlive/2016/texmf-dist/tex/latex/base/article.cls
Document Class: article 2014/09/29 v1.4h Standard LaTeX document class
(/usr/local/texlive/2016/texmf-dist/tex/latex/base/size10.clo
File: size10.clo 2014/09/29 v1.4h Standard LaTeX file (size option)
)
\c@part=\count79
\c@section=\count80
\c@subsection=\count81
\c@subsubsection=\count82
\c@paragraph=\count83
\c@subparagraph=\count84
\c@figure=\count85
\c@table=\count86
\abovecaptionskip=\skip41
\belowcaptionskip=\skip42
\bibindent=\dimen102
)
(/usr/local/texlive/2016/texmf-dist/tex/generic/babel/babel.sty
Package: babel 2016/04/23 3.9r The Babel package

(/usr/local/texlive/2016/texmf-dist/tex/generic/babel-german/ngerman.ldf
Language: ngerman 2013/12/13 v2.7 German support for babel (new orthography)

(/usr/local/texlive/2016/texmf-dist/tex/generic/babel-german/ngermanb.ldf
Language: ngermanb 2013/12/13 v2.7 German support for babel (new orthography)

(/usr/local/texlive/2016/texmf-dist/tex/generic/babel/babel.def
File: babel.def 2016/04/23 3.9r Babel common definitions
\babel@savecnt=\count87
\U@D=\dimen103
)
\l@naustrian = a dialect from \language\l@ngerman 
\l@nswissgerman = a dialect from \language\l@ngerman 
Package babel Info: Making " an active character on input line 88.
)))
(/usr/local/texlive/2016/texmf-dist/tex/latex/base/inputenc.sty
Package: inputenc 2015/03/17 v1.2c Input encoding file
\inpenc@prehook=\toks14
\inpenc@posthook=\toks15

(/usr/local/texlive/2016/texmf-dist/tex/latex/base/latin1.def
File: latin1.def 2015/03/17 v1.2c Input encoding file
))
(/usr/local/texlive/2016/texmf-dist/tex/latex/amsmath/amsmath.sty
Package: amsmath 2016/03/10 v2.15b AMS math features
\@mathmargin=\skip43

For additional information on amsmath, use the `?' option.
(/usr/local/texlive/2016/texmf-dist/tex/latex/amsmath/amstext.sty
Package: amstext 2000/06/29 v2.01 AMS text

(/usr/local/texlive/2016/texmf-dist/tex/latex/amsmath/amsgen.sty
File: amsgen.sty 1999/11/30 v2.0 generic functions
\@emptytoks=\toks16
\ex@=\dimen104
))
(/usr/local/texlive/2016/texmf-dist/tex/latex/amsmath/amsbsy.sty
Package: amsbsy 1999/11/29 v1.2d Bold Symbols
\pmbraise@=\dimen105
)
(/usr/local/texlive/2016/texmf-dist/tex/latex/amsmath/amsopn.sty
Package: amsopn 2016/03/08 v2.02 operator names
)
\inf@bad=\count88
LaTeX Info: Redefining \frac on input line 199.
\uproot@=\count89
\leftroot@=\count90
LaTeX Info: Redefining \overline on input line 297.
\classnum@=\count91
\DOTSCASE@=\count92
LaTeX Info: Redefining \ldots on input line 394.
LaTeX Info: Redefining \dots on input line 397.
LaTeX Info: Redefining \cdots on input line 518.
\Mathstrutbox@=\box26
\strutbox@=\box27
\big@size=\dimen106
LaTeX Font Info:    Redeclaring font encoding OML on input line 634.
LaTeX Font Info:    Redeclaring font encoding OMS on input line 635.
\macc@depth=\count93
\c@MaxMatrixCols=\count94
\dotsspace@=\muskip10
\c@parentequation=\count95
\dspbrk@lvl=\count96
\tag@help=\toks17
\row@=\count97
\column@=\count98
\maxfields@=\count99
\andhelp@=\toks18
\eqnshift@=\dimen107
\alignsep@=\dimen108
\tagshift@=\dimen109
\tagwidth@=\dimen110
\totwidth@=\dimen111
\lineht@=\dimen112
\@envbody=\toks19
\multlinegap=\skip44
\multlinetaggap=\skip45
\mathdisplay@stack=\toks20
LaTeX Info: Redefining \[ on input line 2739.
LaTeX Info: Redefining \] on input line 2740.
)
(/usr/local/texlive/2016/texmf-dist/tex/latex/graphics/graphicx.sty
Package: graphicx 2014/10/28 v1.0g Enhanced LaTeX Graphics (DPC,SPQR)

(/usr/local/texlive/2016/texmf-dist/tex/latex/graphics/keyval.sty
Package: keyval 2014/10/28 v1.15 key=value parser (DPC)
\KV@toks@=\toks21
)
(/usr/local/texlive/2016/texmf-dist/tex/latex/graphics/graphics.sty
Package: graphics 2016/05/09 v1.0r Standard LaTeX Graphics (DPC,SPQR)

(/usr/local/texlive/2016/texmf-dist/tex/latex/graphics/trig.sty
Package: trig 2016/01/03 v1.10 sin cos tan (DPC)
)
(/usr/local/texlive/2016/texmf-dist/tex/latex/graphics-cfg/graphics.cfg
File: graphics.cfg 2016/01/02 v1.10 sample graphics configuration
)
Package graphics Info: Driver file: pdftex.def on input line 96.

(/usr/local/texlive/2016/texmf-dist/tex/latex/pdftex-def/pdftex.def
File: pdftex.def 2011/05/27 v0.06d Graphics/color for pdfTeX

(/usr/local/texlive/2016/texmf-dist/tex/generic/oberdiek/infwarerr.sty
Package: infwarerr 2016/05/16 v1.4 Providing info/warning/error messages (HO)
)
(/usr/local/texlive/2016/texmf-dist/tex/generic/oberdiek/ltxcmds.sty
Package: ltxcmds 2016/05/16 v1.23 LaTeX kernel commands for general use (HO)
)
\Gread@gobject=\count100
))
\Gin@req@height=\dimen113
\Gin@req@width=\dimen114
)
(/usr/local/texlive/2016/texmf-dist/tex/latex/float/float.sty
Package: float 2001/11/08 v1.3d Float enhancements (AL)
\c@float@type=\count101
\float@exts=\toks22
\float@box=\box28
\@float@everytoks=\toks23
\@floatcapt=\box29
)
(/usr/local/texlive/2016/texmf-dist/tex/latex/graphics/color.sty
Package: color 2016/05/09 v1.1c Standard LaTeX Color (DPC)

(/usr/local/texlive/2016/texmf-dist/tex/latex/graphics-cfg/color.cfg
File: color.cfg 2016/01/02 v1.6 sample color configuration
)
Package color Info: Driver file: pdftex.def on input line 144.
)
(./m4a-physikpraktikum_stroemung.aux)
\openout1 = `m4a-physikpraktikum_stroemung.aux'.

LaTeX Font Info:    Checking defaults for OML/cmm/m/it on input line 32.
LaTeX Font Info:    ... okay on input line 32.
LaTeX Font Info:    Checking defaults for T1/cmr/m/n on input line 32.
LaTeX Font Info:    ... okay on input line 32.
LaTeX Font Info:    Checking defaults for OT1/cmr/m/n on input line 32.
LaTeX Font Info:    ... okay on input line 32.
LaTeX Font Info:    Checking defaults for OMS/cmsy/m/n on input line 32.
LaTeX Font Info:    ... okay on input line 32.
LaTeX Font Info:    Checking defaults for OMX/cmex/m/n on input line 32.
LaTeX Font Info:    ... okay on input line 32.
LaTeX Font Info:    Checking defaults for U/cmr/m/n on input line 32.
LaTeX Font Info:    ... okay on input line 32.

(/usr/local/texlive/2016/texmf-dist/tex/context/base/mkii/supp-pdf.mkii
[Loading MPS to PDF converter (version 2006.09.02).]
\scratchcounter=\count102
\scratchdimen=\dimen115
\scratchbox=\box30
\nofMPsegments=\count103
\nofMParguments=\count104
\everyMPshowfont=\toks24
\MPscratchCnt=\count105
\MPscratchDim=\dimen116
\MPnumerator=\count106
\makeMPintoPDFobject=\count107
\everyMPtoPDFconversion=\toks25
) (/usr/local/texlive/2016/texmf-dist/tex/generic/oberdiek/pdftexcmds.sty
Package: pdftexcmds 2016/05/10 v0.21 Utility functions of pdfTeX for LuaTeX (HO
)

(/usr/local/texlive/2016/texmf-dist/tex/generic/oberdiek/ifluatex.sty
Package: ifluatex 2016/05/16 v1.4 Provides the ifluatex switch (HO)
Package ifluatex Info: LuaTeX not detected.
)
(/usr/local/texlive/2016/texmf-dist/tex/generic/oberdiek/ifpdf.sty
Package: ifpdf 2016/05/14 v3.1 Provides the ifpdf switch
)
Package pdftexcmds Info: LuaTeX not detected.
Package pdftexcmds Info: \pdf@primitive is available.
Package pdftexcmds Info: \pdf@ifprimitive is available.
Package pdftexcmds Info: \pdfdraftmode found.
)
(/usr/local/texlive/2016/texmf-dist/tex/latex/oberdiek/epstopdf-base.sty
Package: epstopdf-base 2016/05/15 v2.6 Base part for package epstopdf

(/usr/local/texlive/2016/texmf-dist/tex/latex/oberdiek/grfext.sty
Package: grfext 2016/05/16 v1.2 Manage graphics extensions (HO)

(/usr/local/texlive/2016/texmf-dist/tex/generic/oberdiek/kvdefinekeys.sty
Package: kvdefinekeys 2016/05/16 v1.4 Define keys (HO)
))
(/usr/local/texlive/2016/texmf-dist/tex/latex/oberdiek/kvoptions.sty
Package: kvoptions 2016/05/16 v3.12 Key value format for package options (HO)

(/usr/local/texlive/2016/texmf-dist/tex/generic/oberdiek/kvsetkeys.sty
Package: kvsetkeys 2016/05/16 v1.17 Key value parser (HO)

(/usr/local/texlive/2016/texmf-dist/tex/generic/oberdiek/etexcmds.sty
Package: etexcmds 2016/05/16 v1.6 Avoid name clashes with e-TeX commands (HO)
Package etexcmds Info: Could not find \expanded.
(etexcmds)             That can mean that you are not using pdfTeX 1.50 or
(etexcmds)             that some package has redefined \expanded.
(etexcmds)             In the latter case, load this package earlier.
)))
Package grfext Info: Graphics extension search list:
(grfext)             [.png,.pdf,.jpg,.mps,.jpeg,.jbig2,.jb2,.PNG,.PDF,.JPG,.JPE
G,.JBIG2,.JB2,.eps]
(grfext)             \AppendGraphicsExtensions on input line 456.

(/usr/local/texlive/2016/texmf-dist/tex/latex/latexconfig/epstopdf-sys.cfg
File: epstopdf-sys.cfg 2010/07/13 v1.3 Configuration of (r)epstopdf for TeX Liv
e
))
Underfull \hbox (badness 10000) in paragraph at lines 34--34

 []

(./m4a-physikpraktikum_stroemung.toc [1

{/usr/local/texlive/2016/texmf-var/fonts/map/pdftex/updmap/pdftex.map}])
\tf@toc=\write3
\openout3 = `m4a-physikpraktikum_stroemung.toc'.

 [2]
Underfull \hbox (badness 10000) in paragraph at lines 42--45

 []


Underfull \hbox (badness 10000) in paragraph at lines 45--54

 []


Underfull \hbox (badness 10000) in paragraph at lines 45--54

 []


Underfull \hbox (badness 10000) in paragraph at lines 45--54

 []


Underfull \hbox (badness 10000) in paragraph at lines 45--54

 []


Overfull \hbox (2.3073pt too wide) in paragraph at lines 45--54
\OT1/cmr/m/n/10 Weil Str[]omungen mit dem gan-zen Vo-lu-men Rei-bung er-fah-ren
 an K[]orpern, spricht
 []


Underfull \hbox (badness 10000) in paragraph at lines 45--54

 []

[3]
Underfull \hbox (badness 10000) in paragraph at lines 54--57

 []


Underfull \hbox (badness 10000) in paragraph at lines 54--57

 []

[4] [5] [6] <Versuchsaufbau.JPG, id=33, 2601.72pt x 1943.26pt>
File: Versuchsaufbau.JPG Graphic file (type jpg)

<use Versuchsaufbau.JPG>
Package pdftex.def Info: Versuchsaufbau.JPG used on input line 86.
(pdftex.def)             Requested size: 190.4361pt x 142.26378pt.
 <Kreis_Quadrat.JPG, id=34, 2601.72pt x 1943.26pt>
File: Kreis_Quadrat.JPG Graphic file (type jpg)

<use Kreis_Quadrat.JPG>
Package pdftex.def Info: Kreis_Quadrat.JPG used on input line 93.
(pdftex.def)             Requested size: 190.4361pt x 142.26378pt.
 <Fluegel.JPG, id=35, 2601.72pt x 1943.26pt>
File: Fluegel.JPG Graphic file (type jpg)

<use Fluegel.JPG>
Package pdftex.def Info: Fluegel.JPG used on input line 98.
(pdftex.def)             Requested size: 190.4361pt x 142.26378pt.


LaTeX Warning: `!h' float specifier changed to `!ht'.


LaTeX Warning: `!h' float specifier changed to `!ht'.

[7 <./Versuchsaufbau.JPG>] [8 <./Kreis_Quadrat.JPG> <./Fluegel.JPG>]

LaTeX Warning: Command \textdegree invalid in math mode on input line 116.


Overfull \hbox (27.2367pt too wide) in paragraph at lines 120--126
 [][] 
 []

Package epstopdf Info: Source file: <KegelFall.eps>
(epstopdf)                    date: 2016-11-30 19:00:56
(epstopdf)                    size: 29029 bytes
(epstopdf)             Output file: <KegelFall-eps-converted-to.pdf>
(epstopdf)                    date: 2016-11-30 19:23:00
(epstopdf)                    size: 8095 bytes
(epstopdf)             Command: <repstopdf --outfile=KegelFall-eps-converted-to
.pdf KegelFall.eps>
(epstopdf)             \includegraphics on input line 131.
Package epstopdf Info: Output file is already uptodate.
<KegelFall-eps-converted-to.pdf, id=43, 361.35pt x 252.945pt>
File: KegelFall-eps-converted-to.pdf Graphic file (type pdf)

<use KegelFall-eps-converted-to.pdf>
Package pdftex.def Info: KegelFall-eps-converted-to.pdf used on input line 131.

(pdftex.def)             Requested size: 361.34912pt x 252.94438pt.

Overfull \hbox (16.34912pt too wide) in paragraph at lines 131--132
 [][] 
 []


LaTeX Warning: `!h' float specifier changed to `!ht'.

[9]
Overfull \hbox (4.36722pt too wide) in paragraph at lines 142--144
\OT1/cmr/m/n/10 Als wir die Zah-len-wer-te: $\OML/cmm/m/it/10 ^^Z[] \OT1/cmr/m/
n/10 =??\OML/cmm/m/it/10 ; ^^Z[] \OT1/cmr/m/n/10 = 1\OML/cmm/m/it/10 :\OT1/cmr/
m/n/10 26 \OMS/cmsy/m/n/10 ^^A \OT1/cmr/m/n/10 10[]\OML/cmm/m/it/10 kg \OMS/cms
y/m/n/10 ^^A \OML/cmm/m/it/10 m[]; g \OT1/cmr/m/n/10 = 9\OML/cmm/m/it/10 :\OT1/
cmr/m/n/10 81[]\OML/cmm/m/it/10 ; R \OT1/cmr/m/n/10 =
 []

[10 <./KegelFall-eps-converted-to.pdf>]
Overfull \hbox (129.83421pt too wide) in paragraph at lines 148--154
 [][] 
 []

Package epstopdf Info: Source file: <PerleGlycerin.eps>
(epstopdf)                    date: 2016-11-30 19:12:26
(epstopdf)                    size: 27911 bytes
(epstopdf)             Output file: <PerleGlycerin-eps-converted-to.pdf>
(epstopdf)                    date: 2016-11-30 19:23:01
(epstopdf)                    size: 8244 bytes
(epstopdf)             Command: <repstopdf --outfile=PerleGlycerin-eps-converte
d-to.pdf PerleGlycerin.eps>
(epstopdf)             \includegraphics on input line 159.
Package epstopdf Info: Output file is already uptodate.
<PerleGlycerin-eps-converted-to.pdf, id=56, 361.35pt x 252.945pt>
File: PerleGlycerin-eps-converted-to.pdf Graphic file (type pdf)

<use PerleGlycerin-eps-converted-to.pdf>
Package pdftex.def Info: PerleGlycerin-eps-converted-to.pdf used on input line 
159.
(pdftex.def)             Requested size: 361.34912pt x 252.94438pt.

Overfull \hbox (16.34912pt too wide) in paragraph at lines 159--160
 [][] 
 []

[11 <./PerleGlycerin-eps-converted-to.pdf>] [12]
Overfull \hbox (129.83421pt too wide) in paragraph at lines 174--180
 [][] 
 []

Package epstopdf Info: Source file: <PerleWasser.eps>
(epstopdf)                    date: 2016-11-30 19:20:53
(epstopdf)                    size: 36057 bytes
(epstopdf)             Output file: <PerleWasser-eps-converted-to.pdf>
(epstopdf)                    date: 2016-11-30 19:23:01
(epstopdf)                    size: 8341 bytes
(epstopdf)             Command: <repstopdf --outfile=PerleWasser-eps-converted-
to.pdf PerleWasser.eps>
(epstopdf)             \includegraphics on input line 186.
Package epstopdf Info: Output file is already uptodate.
<PerleWasser-eps-converted-to.pdf, id=70, 361.35pt x 252.945pt>
File: PerleWasser-eps-converted-to.pdf Graphic file (type pdf)

<use PerleWasser-eps-converted-to.pdf>
Package pdftex.def Info: PerleWasser-eps-converted-to.pdf used on input line 18
6.
(pdftex.def)             Requested size: 361.34912pt x 252.94438pt.

Overfull \hbox (16.34912pt too wide) in paragraph at lines 186--187
 [][] 
 []

[13] [14 <./PerleWasser-eps-converted-to.pdf>]
(./m4a-physikpraktikum_stroemung.aux) ) 
Here is how much of TeX's memory you used:
 2744 strings out of 493014
 37764 string characters out of 6133352
 112228 words of memory out of 5000000
 6233 multiletter control sequences out of 15000+600000
 7212 words of font info for 26 fonts, out of 8000000 for 9000
 1141 hyphenation exceptions out of 8191
 38i,11n,23p,1005b,256s stack positions out of 5000i,500n,10000p,200000b,80000s
</usr/local/texlive/2016/texmf-dist/font
s/type1/public/amsfonts/cm/cmbx10.pfb></usr/local/texlive/2016/texmf-dist/fonts
/type1/public/amsfonts/cm/cmbx12.pfb></usr/local/texlive/2016/texmf-dist/fonts/
type1/public/amsfonts/cm/cmcsc10.pfb></usr/local/texlive/2016/texmf-dist/fonts/
type1/public/amsfonts/cm/cmex10.pfb></usr/local/texlive/2016/texmf-dist/fonts/t
ype1/public/amsfonts/cm/cmmi10.pfb></usr/local/texlive/2016/texmf-dist/fonts/ty
pe1/public/amsfonts/cm/cmmi7.pfb></usr/local/texlive/2016/texmf-dist/fonts/type
1/public/amsfonts/cm/cmr10.pfb></usr/local/texlive/2016/texmf-dist/fonts/type1/
public/amsfonts/cm/cmr5.pfb></usr/local/texlive/2016/texmf-dist/fonts/type1/pub
lic/amsfonts/cm/cmr7.pfb></usr/local/texlive/2016/texmf-dist/fonts/type1/public
/amsfonts/cm/cmsy10.pfb></usr/local/texlive/2016/texmf-dist/fonts/type1/public/
amsfonts/cm/cmsy7.pfb></usr/local/texlive/2016/texmf-dist/fonts/type1/public/am
sfonts/cm/cmti10.pfb></usr/local/texlive/2016/texmf-dist/fonts/type1/public/ams
fonts/cm/cmti12.pfb>
Output written on m4a-physikpraktikum_stroemung.pdf (14 pages, 3221212 bytes).
PDF statistics:
 125 PDF objects out of 1000 (max. 8388607)
 86 compressed objects within 1 object stream
 0 named destinations out of 1000 (max. 500000)
 31 words of extra memory for PDF output out of 10000 (max. 10000000)

